<?xml version="1.0" encoding="UTF-8"?>
<testsuite name="com.gssp.worklogupdate.WorklogUpdateApplicationTests" tests="1" skipped="0" failures="0" errors="0" timestamp="2021-02-09T11:14:08" hostname="PERFI" time="0.605">
  <properties/>
  <testcase name="contextLoads()" classname="com.gssp.worklogupdate.WorklogUpdateApplicationTests" time="0.605"/>
  <system-out><![CDATA[16:43:51.504 [Test worker] DEBUG org.springframework.test.context.BootstrapUtils - Instantiating CacheAwareContextLoaderDelegate from class [org.springframework.test.context.cache.DefaultCacheAwareContextLoaderDelegate]
16:43:51.520 [Test worker] DEBUG org.springframework.test.context.BootstrapUtils - Instantiating BootstrapContext using constructor [public org.springframework.test.context.support.DefaultBootstrapContext(java.lang.Class,org.springframework.test.context.CacheAwareContextLoaderDelegate)]
16:43:51.583 [Test worker] DEBUG org.springframework.test.context.BootstrapUtils - Instantiating TestContextBootstrapper for test class [com.gssp.worklogupdate.WorklogUpdateApplicationTests] from class [org.springframework.boot.test.context.SpringBootTestContextBootstrapper]
16:43:51.605 [Test worker] INFO org.springframework.boot.test.context.SpringBootTestContextBootstrapper - Neither @ContextConfiguration nor @ContextHierarchy found for test class [com.gssp.worklogupdate.WorklogUpdateApplicationTests], using SpringBootContextLoader
16:43:51.611 [Test worker] DEBUG org.springframework.test.context.support.AbstractContextLoader - Did not detect default resource location for test class [com.gssp.worklogupdate.WorklogUpdateApplicationTests]: class path resource [com/gssp/worklogupdate/WorklogUpdateApplicationTests-context.xml] does not exist
16:43:51.611 [Test worker] DEBUG org.springframework.test.context.support.AbstractContextLoader - Did not detect default resource location for test class [com.gssp.worklogupdate.WorklogUpdateApplicationTests]: class path resource [com/gssp/worklogupdate/WorklogUpdateApplicationTestsContext.groovy] does not exist
16:43:51.612 [Test worker] INFO org.springframework.test.context.support.AbstractContextLoader - Could not detect default resource locations for test class [com.gssp.worklogupdate.WorklogUpdateApplicationTests]: no resource found for suffixes {-context.xml, Context.groovy}.
16:43:51.613 [Test worker] INFO org.springframework.test.context.support.AnnotationConfigContextLoaderUtils - Could not detect default configuration classes for test class [com.gssp.worklogupdate.WorklogUpdateApplicationTests]: WorklogUpdateApplicationTests does not declare any static, non-private, non-final, nested classes annotated with @Configuration.
16:43:51.677 [Test worker] DEBUG org.springframework.test.context.support.ActiveProfilesUtils - Could not find an 'annotation declaring class' for annotation type [org.springframework.test.context.ActiveProfiles] and class [com.gssp.worklogupdate.WorklogUpdateApplicationTests]
16:43:51.809 [Test worker] DEBUG org.springframework.context.annotation.ClassPathScanningCandidateComponentProvider - Identified candidate component class: file [S:\WorkSpace\React Projects\gowri\worklog-update\build\classes\groovy\main\com\gssp\worklogupdate\WorklogUpdateApplication.class]
16:43:51.811 [Test worker] INFO org.springframework.boot.test.context.SpringBootTestContextBootstrapper - Found @SpringBootConfiguration com.gssp.worklogupdate.WorklogUpdateApplication for test class com.gssp.worklogupdate.WorklogUpdateApplicationTests
16:43:52.014 [Test worker] DEBUG org.springframework.boot.test.context.SpringBootTestContextBootstrapper - @TestExecutionListeners is not present for class [com.gssp.worklogupdate.WorklogUpdateApplicationTests]: using defaults.
16:43:52.015 [Test worker] INFO org.springframework.boot.test.context.SpringBootTestContextBootstrapper - Loaded default TestExecutionListener class names from location [META-INF/spring.factories]: [org.springframework.boot.test.autoconfigure.restdocs.RestDocsTestExecutionListener, org.springframework.boot.test.autoconfigure.web.client.MockRestServiceServerResetTestExecutionListener, org.springframework.boot.test.autoconfigure.web.servlet.MockMvcPrintOnlyOnFailureTestExecutionListener, org.springframework.boot.test.autoconfigure.web.servlet.WebDriverTestExecutionListener, org.springframework.boot.test.autoconfigure.webservices.client.MockWebServiceServerTestExecutionListener, org.springframework.boot.test.mock.mockito.MockitoTestExecutionListener, org.springframework.boot.test.mock.mockito.ResetMocksTestExecutionListener, org.springframework.test.context.web.ServletTestExecutionListener, org.springframework.test.context.support.DirtiesContextBeforeModesTestExecutionListener, org.springframework.test.context.event.ApplicationEventsTestExecutionListener, org.springframework.test.context.support.DependencyInjectionTestExecutionListener, org.springframework.test.context.support.DirtiesContextTestExecutionListener, org.springframework.test.context.transaction.TransactionalTestExecutionListener, org.springframework.test.context.jdbc.SqlScriptsTestExecutionListener, org.springframework.test.context.event.EventPublishingTestExecutionListener]
16:43:52.215 [Test worker] INFO org.springframework.boot.test.context.SpringBootTestContextBootstrapper - Using TestExecutionListeners: [org.springframework.test.context.web.ServletTestExecutionListener@3731608b, org.springframework.test.context.support.DirtiesContextBeforeModesTestExecutionListener@71b12a6e, org.springframework.test.context.event.ApplicationEventsTestExecutionListener@427c22f5, org.springframework.boot.test.mock.mockito.MockitoTestExecutionListener@2994ec52, org.springframework.boot.test.autoconfigure.SpringBootDependencyInjectionTestExecutionListener@159df4d3, org.springframework.test.context.support.DirtiesContextTestExecutionListener@6d075e54, org.springframework.test.context.transaction.TransactionalTestExecutionListener@4ecfa28b, org.springframework.test.context.jdbc.SqlScriptsTestExecutionListener@4037217c, org.springframework.test.context.event.EventPublishingTestExecutionListener@3a767ec5, org.springframework.boot.test.autoconfigure.restdocs.RestDocsTestExecutionListener@6d547221, org.springframework.boot.test.autoconfigure.web.client.MockRestServiceServerResetTestExecutionListener@5ebc4efa, org.springframework.boot.test.autoconfigure.web.servlet.MockMvcPrintOnlyOnFailureTestExecutionListener@2779a890, org.springframework.boot.test.autoconfigure.web.servlet.WebDriverTestExecutionListener@2e707aec, org.springframework.boot.test.autoconfigure.webservices.client.MockWebServiceServerTestExecutionListener@60fbd079, org.springframework.boot.test.mock.mockito.ResetMocksTestExecutionListener@5c0c9902]
16:43:52.222 [Test worker] DEBUG org.springframework.test.context.support.AbstractDirtiesContextTestExecutionListener - Before test class: context [DefaultTestContext@43943d95 testClass = WorklogUpdateApplicationTests, testInstance = [null], testMethod = [null], testException = [null], mergedContextConfiguration = [WebMergedContextConfiguration@31e420fd testClass = WorklogUpdateApplicationTests, locations = '{}', classes = '{class com.gssp.worklogupdate.WorklogUpdateApplication}', contextInitializerClasses = '[]', activeProfiles = '{}', propertySourceLocations = '{}', propertySourceProperties = '{org.springframework.boot.test.context.SpringBootTestContextBootstrapper=true}', contextCustomizers = set[org.springframework.boot.test.autoconfigure.actuate.metrics.MetricsExportContextCustomizerFactory$DisableMetricExportContextCustomizer@5358231e, org.springframework.boot.test.autoconfigure.properties.PropertyMappingContextCustomizer@0, org.springframework.boot.test.autoconfigure.web.servlet.WebDriverContextCustomizerFactory$Customizer@5ddc4289, org.springframework.boot.test.context.filter.ExcludeFilterContextCustomizer@1f7bc4dd, org.springframework.boot.test.json.DuplicateJsonObjectContextCustomizerFactory$DuplicateJsonObjectContextCustomizer@130d7d35, org.springframework.boot.test.mock.mockito.MockitoContextCustomizer@0, org.springframework.boot.test.web.client.TestRestTemplateContextCustomizer@16f3c9ac, org.springframework.boot.test.context.SpringBootTestArgs@1, org.springframework.boot.test.context.SpringBootTestWebEnvironment@2b1d14f9], resourceBasePath = 'src/main/webapp', contextLoader = 'org.springframework.boot.test.context.SpringBootContextLoader', parent = [null]], attributes = map['org.springframework.test.context.web.ServletTestExecutionListener.activateListener' -> true]], class annotated with @DirtiesContext [false] with mode [null].
16:43:52.499 [Test worker] DEBUG org.springframework.test.context.support.TestPropertySourceUtils - Adding inlined properties to environment: {spring.jmx.enabled=false, org.springframework.boot.test.context.SpringBootTestContextBootstrapper=true}

  .   ____          _            __ _ _
 /\\ / ___'_ __ _ _(_)_ __  __ _ \ \ \ \
( ( )\___ | '_ | '_| | '_ \/ _` | \ \ \ \
 \\/  ___)| |_)| | | | | || (_| |  ) ) ) )
  '  |____| .__|_| |_|_| |_\__, | / / / /
 =========|_|==============|___/=/_/_/_/
 :: Spring Boot ::                (v2.4.2)

2021-02-09 16:43:55.085  INFO 20432 --- [    Test worker] c.g.w.WorklogUpdateApplicationTests      : Starting WorklogUpdateApplicationTests using Java 1.8.0_271 on Perfi with PID 20432 (started by deepak in S:\WorkSpace\React Projects\gowri\worklog-update)
2021-02-09 16:43:55.088  INFO 20432 --- [    Test worker] c.g.w.WorklogUpdateApplicationTests      : No active profile set, falling back to default profiles: default
2021-02-09 16:43:55.241  INFO 20432 --- [    Test worker] o.s.b.context.config.ConfigDataLoader    : Fetching config from server at : http://localhost:8888/
2021-02-09 16:43:55.242  INFO 20432 --- [    Test worker] o.s.b.context.config.ConfigDataLoader    : Located environment: name=update-service, profiles=[default], label=null, version=31ff2ed6faaeed35e7530348cbe185ca8503be22, state=null
2021-02-09 16:43:57.298  INFO 20432 --- [    Test worker] .s.d.r.c.RepositoryConfigurationDelegate : Bootstrapping Spring Data MongoDB repositories in DEFAULT mode.
2021-02-09 16:43:57.608  INFO 20432 --- [    Test worker] .s.d.r.c.RepositoryConfigurationDelegate : Finished Spring Data repository scanning in 302 ms. Found 1 MongoDB repository interfaces.
2021-02-09 16:43:58.051  INFO 20432 --- [    Test worker] o.s.cloud.context.scope.GenericScope     : BeanFactory id=c7c40a84-7749-3bb7-af88-51f252287707
2021-02-09 16:43:58.988  INFO 20432 --- [    Test worker] org.mongodb.driver.cluster               : Cluster created with settings {hosts=[localhost:27017], mode=SINGLE, requiredClusterType=UNKNOWN, serverSelectionTimeout='30000 ms'}
2021-02-09 16:43:59.205  INFO 20432 --- [localhost:27017] org.mongodb.driver.connection            : Opened connection [connectionId{localValue:2, serverValue:290}] to localhost:27017
2021-02-09 16:43:59.205  INFO 20432 --- [localhost:27017] org.mongodb.driver.connection            : Opened connection [connectionId{localValue:1, serverValue:289}] to localhost:27017
2021-02-09 16:43:59.207  INFO 20432 --- [localhost:27017] org.mongodb.driver.cluster               : Monitor thread successfully connected to server with description ServerDescription{address=localhost:27017, type=STANDALONE, state=CONNECTED, ok=true, minWireVersion=0, maxWireVersion=9, maxDocumentSize=16777216, logicalSessionTimeoutMinutes=30, roundTripTimeNanos=86001799}
2021-02-09 16:43:59.466  WARN 20432 --- [    Test worker] o.s.data.convert.CustomConversions       : Registering converter from class java.time.LocalDateTime to class org.joda.time.LocalDateTime as reading converter although it doesn't convert from a store-supported type! You might want to check your annotation setup at the converter implementation.
2021-02-09 16:43:59.799  WARN 20432 --- [    Test worker] o.s.data.convert.CustomConversions       : Registering converter from class java.time.LocalDateTime to class org.joda.time.LocalDateTime as reading converter although it doesn't convert from a store-supported type! You might want to check your annotation setup at the converter implementation.
2021-02-09 16:44:02.287  INFO 20432 --- [    Test worker] o.s.s.concurrent.ThreadPoolTaskExecutor  : Initializing ExecutorService 'applicationTaskExecutor'
2021-02-09 16:44:06.329  INFO 20432 --- [    Test worker] DiscoveryClientOptionalArgsConfiguration : Eureka HTTP Client uses RestTemplate.
2021-02-09 16:44:06.879  WARN 20432 --- [    Test worker] iguration$LoadBalancerCaffeineWarnLogger : Spring Cloud LoadBalancer is currently working with the default cache. You can switch to using Caffeine cache, by adding it and org.springframework.cache.caffeine.CaffeineCacheManager to the classpath.
2021-02-09 16:44:06.940  INFO 20432 --- [    Test worker] o.s.b.a.e.web.EndpointLinksResolver      : Exposing 16 endpoint(s) beneath base path '/actuator'
2021-02-09 16:44:07.154  INFO 20432 --- [    Test worker] o.s.c.n.eureka.InstanceInfoFactory       : Setting initial instance status as: STARTING
2021-02-09 16:44:07.919  INFO 20432 --- [    Test worker] com.netflix.discovery.DiscoveryClient    : Initializing Eureka in region us-east-1
2021-02-09 16:44:07.935  INFO 20432 --- [    Test worker] c.n.d.s.r.aws.ConfigClusterResolver      : Resolving eureka endpoints via configuration
2021-02-09 16:44:08.451  INFO 20432 --- [    Test worker] com.netflix.discovery.DiscoveryClient    : Disable delta property : false
2021-02-09 16:44:08.452  INFO 20432 --- [    Test worker] com.netflix.discovery.DiscoveryClient    : Single vip registry refresh property : null
2021-02-09 16:44:08.452  INFO 20432 --- [    Test worker] com.netflix.discovery.DiscoveryClient    : Force full registry fetch : false
2021-02-09 16:44:08.452  INFO 20432 --- [    Test worker] com.netflix.discovery.DiscoveryClient    : Application is null : false
2021-02-09 16:44:08.453  INFO 20432 --- [    Test worker] com.netflix.discovery.DiscoveryClient    : Registered Applications size is zero : true
2021-02-09 16:44:08.453  INFO 20432 --- [    Test worker] com.netflix.discovery.DiscoveryClient    : Application version is -1: true
2021-02-09 16:44:08.453  INFO 20432 --- [    Test worker] com.netflix.discovery.DiscoveryClient    : Getting all instance registry info from the eureka server
2021-02-09 16:44:08.587  INFO 20432 --- [    Test worker] com.netflix.discovery.DiscoveryClient    : The response status is 200
2021-02-09 16:44:08.592  INFO 20432 --- [    Test worker] com.netflix.discovery.DiscoveryClient    : Starting heartbeat executor: renew interval is: 30
2021-02-09 16:44:08.597  INFO 20432 --- [    Test worker] c.n.discovery.InstanceInfoReplicator     : InstanceInfoReplicator onDemand update allowed rate per min is 4
2021-02-09 16:44:08.606  INFO 20432 --- [    Test worker] com.netflix.discovery.DiscoveryClient    : Discovery Client initialized at timestamp 1612869248605 with initial instances count: 1
2021-02-09 16:44:08.614  INFO 20432 --- [    Test worker] o.s.c.n.e.s.EurekaServiceRegistry        : Registering application UPDATE-SERVICE with eureka with status UP
2021-02-09 16:44:08.615  INFO 20432 --- [    Test worker] com.netflix.discovery.DiscoveryClient    : Saw local status change event StatusChangeEvent [timestamp=1612869248615, current=UP, previous=STARTING]
2021-02-09 16:44:08.630  INFO 20432 --- [nfoReplicator-0] com.netflix.discovery.DiscoveryClient    : DiscoveryClient_UPDATE-SERVICE/Deepak.mshome.net:update-service:8080: registering service...
2021-02-09 16:44:08.699  INFO 20432 --- [    Test worker] c.g.w.WorklogUpdateApplicationTests      : Started WorklogUpdateApplicationTests in 16.189 seconds (JVM running for 19.699)
2021-02-09 16:44:08.938  INFO 20432 --- [nfoReplicator-0] com.netflix.discovery.DiscoveryClient    : DiscoveryClient_UPDATE-SERVICE/Deepak.mshome.net:update-service:8080 - registration status: 204
]]></system-out>
  <system-err><![CDATA[]]></system-err>
</testsuite>
